2020-12-15 16:28:12 [scrapy.utils.log] INFO: Scrapy 2.3.0 started (bot: lyricraper)
2020-12-15 16:28:12 [scrapy.utils.log] INFO: Versions: lxml 4.5.2.0, libxml2 2.9.10, cssselect 1.1.0, parsel 1.6.0, w3lib 1.22.0, Twisted 20.3.0, Python 3.6.9 (default, Oct  8 2020, 12:12:24) - [GCC 8.4.0], pyOpenSSL 19.1.0 (OpenSSL 1.1.1h  22 Sep 2020), cryptography 3.1.1, Platform Linux-5.4.0-58-generic-x86_64-with-Ubuntu-18.04-bionic
2020-12-15 16:28:12 [scrapy.utils.log] DEBUG: Using reactor: twisted.internet.epollreactor.EPollReactor
2020-12-15 16:28:12 [scrapy.crawler] INFO: Overridden settings:
{'BOT_NAME': 'lyricraper',
 'LOG_FILE': 'logs/lyricraper/lyricraper_genius/85b1bca23ef211eb9ff6000c29732d58.log',
 'NEWSPIDER_MODULE': 'lyricraper.spiders',
 'SPIDER_MODULES': ['lyricraper.spiders']}
2020-12-15 16:28:12 [scrapy.extensions.telnet] INFO: Telnet Password: 80e8a33c7e1734c2
2020-12-15 16:28:12 [scrapy.middleware] INFO: Enabled extensions:
['scrapy.extensions.corestats.CoreStats',
 'scrapy.extensions.telnet.TelnetConsole',
 'scrapy.extensions.memusage.MemoryUsage',
 'scrapy.extensions.logstats.LogStats']
2020-12-15 16:28:12 [lyricraper_genius] WARNING: To process: <QuerySet [{'songids_to_process': '1, 2, 3', 'query_object': 1}, {'songids_to_process': '4, 5, 6, 7, 8, 9, 10, 11, 12, 13, 14, 15, 16, 17, 18, 19, 20, 21, 22, 23, 24, 25, 26, 27, 28, 29, 30, 31, 32, 33, 34, 35, 36, 37, 38, 39, 40, 41, 42, 43, 44, 45, 46, 47, 48, 49, 50', 'query_object': 2}]>
2020-12-15 16:28:12 [scrapy.middleware] INFO: Enabled downloader middlewares:
['scrapy.downloadermiddlewares.httpauth.HttpAuthMiddleware',
 'scrapy.downloadermiddlewares.downloadtimeout.DownloadTimeoutMiddleware',
 'scrapy.downloadermiddlewares.defaultheaders.DefaultHeadersMiddleware',
 'scrapy.downloadermiddlewares.useragent.UserAgentMiddleware',
 'scrapy.downloadermiddlewares.retry.RetryMiddleware',
 'scrapy.downloadermiddlewares.redirect.MetaRefreshMiddleware',
 'scrapy.downloadermiddlewares.httpcompression.HttpCompressionMiddleware',
 'scrapy.downloadermiddlewares.redirect.RedirectMiddleware',
 'scrapy.downloadermiddlewares.cookies.CookiesMiddleware',
 'scrapy.downloadermiddlewares.httpproxy.HttpProxyMiddleware',
 'scrapy.downloadermiddlewares.stats.DownloaderStats']
2020-12-15 16:28:12 [scrapy.middleware] INFO: Enabled spider middlewares:
['scrapy.spidermiddlewares.httperror.HttpErrorMiddleware',
 'scrapy.spidermiddlewares.offsite.OffsiteMiddleware',
 'scrapy.spidermiddlewares.referer.RefererMiddleware',
 'scrapy.spidermiddlewares.urllength.UrlLengthMiddleware',
 'scrapy.spidermiddlewares.depth.DepthMiddleware']
2020-12-15 16:28:12 [scrapy.middleware] INFO: Enabled item pipelines:
['lyricraper.pipelines.DjangoModelPipeline']
2020-12-15 16:28:12 [scrapy.core.engine] INFO: Spider opened
2020-12-15 16:28:12 [scrapy.extensions.logstats] INFO: Crawled 0 pages (at 0 pages/min), scraped 0 items (at 0 items/min)
2020-12-15 16:28:12 [scrapy.extensions.telnet] INFO: Telnet console listening on 127.0.0.1:6023
2020-12-15 16:28:14 [scrapy.core.engine] DEBUG: Crawled (200) <GET https://genius.com/api/search/multi?per_page=5&q=Mountain+at+My+Gates+-+Foals> (referer: None)
2020-12-15 16:28:14 [scrapy.core.engine] DEBUG: Crawled (200) <GET https://genius.com/api/search/multi?per_page=5&q=A-Punk+-+Vampire+Weekend> (referer: None)
2020-12-15 16:28:16 [scrapy.core.engine] DEBUG: Crawled (200) <GET https://genius.com/api/search/multi?per_page=5&q=Left+Hand+Free+-+Lido+Remix+-+alt-J> (referer: None)
2020-12-15 16:28:16 [scrapy.core.engine] DEBUG: Crawled (200) <GET https://genius.com/api/search/multi?per_page=5&q=Youth+-+Glass+Animals> (referer: None)
2020-12-15 16:28:16 [scrapy.core.engine] DEBUG: Crawled (200) <GET https://genius.com/api/search/multi?per_page=5&q=First+-+Cold+War+Kids> (referer: None)
2020-12-15 16:28:16 [scrapy.core.engine] DEBUG: Crawled (200) <GET https://genius.com/api/search/multi?per_page=5&q=The+High+Road+-+Broken+Bells> (referer: None)
2020-12-15 16:28:16 [scrapy.core.engine] DEBUG: Crawled (200) <GET https://genius.com/api/search/multi?per_page=5&q=Dirty+Paws+-+Of+Monsters+and+Men> (referer: None)
2020-12-15 16:28:17 [scrapy.core.engine] DEBUG: Crawled (200) <GET https://genius.com/api/search/multi?per_page=5&q=Ain't+No+Rest+For+The+Wicked+-+Original+Version+-+Cage+The+Elephant> (referer: None)
2020-12-15 16:28:17 [scrapy.core.engine] DEBUG: Crawled (200) <GET https://genius.com/api/search/multi?per_page=5&q=Burning+-+The+Whitest+Boy+Alive> (referer: None)
2020-12-15 16:28:17 [scrapy.core.scraper] DEBUG: Scraped from <200 https://genius.com/api/search/multi?per_page=5&q=Ain't+No+Rest+For+The+Wicked+-+Original+Version+-+Cage+The+Elephant>
None
2020-12-15 16:28:18 [scrapy.core.engine] DEBUG: Crawled (200) <GET https://genius.com/api/search/multi?per_page=5&q=Stolen+Dance+-+Milky+Chance> (referer: None)
2020-12-15 16:28:18 [scrapy.core.engine] DEBUG: Crawled (200) <GET https://genius.com/api/search/multi?per_page=5&q=Alrighty+Aphrodite+-+Peach+Pit> (referer: None)
2020-12-15 16:28:19 [scrapy.core.engine] DEBUG: Crawled (200) <GET https://genius.com/api/search/multi?per_page=5&q=Undercover+Martyn+-+Two+Door+Cinema+Club> (referer: None)
2020-12-15 16:28:19 [scrapy.core.engine] DEBUG: Crawled (200) <GET https://genius.com/api/search/multi?per_page=5&q=Junk+Of+The+Heart++-+The+Kooks> (referer: None)
2020-12-15 16:28:19 [scrapy.core.engine] DEBUG: Crawled (200) <GET https://genius.com/api/search/multi?per_page=5&q=Skinny+Love+-+Bon+Iver> (referer: None)
2020-12-15 16:28:19 [scrapy.core.engine] DEBUG: Crawled (200) <GET https://genius.com/api/search/multi?per_page=5&q=This+Song+Is+Not+About+A+Girl+-+Flume> (referer: None)
2020-12-15 16:28:19 [scrapy.core.engine] DEBUG: Crawled (200) <GET https://genius.com/api/search/multi?per_page=5&q=Easy+-+Son+Lux> (referer: None)
2020-12-15 16:28:19 [scrapy.core.engine] DEBUG: Crawled (200) <GET https://genius.com/api/search/multi?per_page=5&q=Take+a+Walk+-+Passion+Pit> (referer: None)
2020-12-15 16:28:21 [scrapy.core.engine] DEBUG: Crawled (200) <GET https://genius.com/api/search/multi?per_page=5&q=Coffee+-+Sylvan+Esso> (referer: None)
2020-12-15 16:28:22 [scrapy.core.engine] DEBUG: Crawled (200) <GET https://genius.com/Broken-bells-the-high-road-lyrics> (referer: https://genius.com/api/search/multi?per_page=5&q=The+High+Road+-+Broken+Bells)
2020-12-15 16:28:22 [scrapy.core.scraper] DEBUG: Scraped from <200 https://genius.com/Broken-bells-the-high-road-lyrics>
None
2020-12-15 16:28:22 [scrapy.core.engine] DEBUG: Crawled (200) <GET https://genius.com/api/search/multi?per_page=5&q=Hell+N+Back+-+Bakar> (referer: None)
2020-12-15 16:28:23 [scrapy.core.engine] DEBUG: Crawled (200) <GET https://genius.com/Foals-mountain-at-my-gates-lyrics> (referer: https://genius.com/api/search/multi?per_page=5&q=Mountain+at+My+Gates+-+Foals)
2020-12-15 16:28:23 [scrapy.core.engine] DEBUG: Crawled (200) <GET https://genius.com/api/search/multi?per_page=5&q=When+I'm+Small+-+Phantogram> (referer: None)
2020-12-15 16:28:23 [scrapy.core.scraper] DEBUG: Scraped from <200 https://genius.com/Foals-mountain-at-my-gates-lyrics>
None
2020-12-15 16:28:23 [scrapy.core.engine] DEBUG: Crawled (200) <GET https://genius.com/The-whitest-boy-alive-burning-lyrics> (referer: https://genius.com/api/search/multi?per_page=5&q=Burning+-+The+Whitest+Boy+Alive)
2020-12-15 16:28:23 [scrapy.core.scraper] DEBUG: Scraped from <200 https://genius.com/The-whitest-boy-alive-burning-lyrics>
None
2020-12-15 16:28:23 [scrapy.core.engine] DEBUG: Crawled (200) <GET https://genius.com/Vampire-weekend-a-punk-lyrics> (referer: https://genius.com/api/search/multi?per_page=5&q=A-Punk+-+Vampire+Weekend)
2020-12-15 16:28:23 [scrapy.core.engine] DEBUG: Crawled (200) <GET https://genius.com/api/search/multi?per_page=5&q=Two+Fingers+-+Jake+Bugg> (referer: None)
2020-12-15 16:28:24 [scrapy.core.scraper] DEBUG: Scraped from <200 https://genius.com/Vampire-weekend-a-punk-lyrics>
None
2020-12-15 16:28:24 [scrapy.core.engine] DEBUG: Crawled (200) <GET https://genius.com/Of-monsters-and-men-dirty-paws-lyrics> (referer: https://genius.com/api/search/multi?per_page=5&q=Dirty+Paws+-+Of+Monsters+and+Men)
2020-12-15 16:28:25 [scrapy.core.scraper] DEBUG: Scraped from <200 https://genius.com/Of-monsters-and-men-dirty-paws-lyrics>
None
2020-12-15 16:28:25 [scrapy.core.engine] DEBUG: Crawled (200) <GET https://genius.com/Milky-chance-stolen-dance-lyrics> (referer: https://genius.com/api/search/multi?per_page=5&q=Stolen+Dance+-+Milky+Chance)
2020-12-15 16:28:25 [scrapy.core.scraper] DEBUG: Scraped from <200 https://genius.com/Milky-chance-stolen-dance-lyrics>
None
2020-12-15 16:28:27 [scrapy.core.engine] DEBUG: Crawled (200) <GET https://genius.com/Sylvan-esso-coffee-lyrics> (referer: https://genius.com/api/search/multi?per_page=5&q=Coffee+-+Sylvan+Esso)
2020-12-15 16:28:27 [scrapy.core.scraper] DEBUG: Scraped from <200 https://genius.com/Sylvan-esso-coffee-lyrics>
None
2020-12-15 16:28:27 [scrapy.core.engine] DEBUG: Crawled (200) <GET https://genius.com/Peach-pit-alrighty-aphrodite-lyrics> (referer: https://genius.com/api/search/multi?per_page=5&q=Alrighty+Aphrodite+-+Peach+Pit)
2020-12-15 16:28:28 [scrapy.core.scraper] DEBUG: Scraped from <200 https://genius.com/Peach-pit-alrighty-aphrodite-lyrics>
None
2020-12-15 16:28:28 [scrapy.core.engine] DEBUG: Crawled (200) <GET https://genius.com/Glass-animals-youth-lyrics> (referer: https://genius.com/api/search/multi?per_page=5&q=Youth+-+Glass+Animals)
2020-12-15 16:28:28 [scrapy.core.scraper] DEBUG: Scraped from <200 https://genius.com/Glass-animals-youth-lyrics>
None
2020-12-15 16:28:28 [scrapy.core.engine] DEBUG: Crawled (200) <GET https://genius.com/Flume-and-chet-faker-this-song-is-not-about-a-girl-lyrics> (referer: https://genius.com/api/search/multi?per_page=5&q=This+Song+Is+Not+About+A+Girl+-+Flume)
2020-12-15 16:28:28 [scrapy.core.scraper] DEBUG: Scraped from <200 https://genius.com/Flume-and-chet-faker-this-song-is-not-about-a-girl-lyrics>
None
2020-12-15 16:28:28 [scrapy.core.engine] DEBUG: Crawled (200) <GET https://genius.com/The-kooks-junk-of-the-heart-happy-lyrics> (referer: https://genius.com/api/search/multi?per_page=5&q=Junk+Of+The+Heart++-+The+Kooks)
2020-12-15 16:28:28 [scrapy.core.engine] DEBUG: Crawled (200) <GET https://genius.com/Passion-pit-take-a-walk-lyrics> (referer: https://genius.com/api/search/multi?per_page=5&q=Take+a+Walk+-+Passion+Pit)
2020-12-15 16:28:28 [scrapy.core.scraper] DEBUG: Scraped from <200 https://genius.com/The-kooks-junk-of-the-heart-happy-lyrics>
None
2020-12-15 16:28:28 [scrapy.core.scraper] DEBUG: Scraped from <200 https://genius.com/Passion-pit-take-a-walk-lyrics>
None
2020-12-15 16:28:29 [scrapy.core.engine] DEBUG: Crawled (200) <GET https://genius.com/Cold-war-kids-first-lyrics> (referer: https://genius.com/api/search/multi?per_page=5&q=First+-+Cold+War+Kids)
2020-12-15 16:28:29 [scrapy.core.scraper] DEBUG: Scraped from <200 https://genius.com/Cold-war-kids-first-lyrics>
None
2020-12-15 16:28:29 [scrapy.core.engine] DEBUG: Crawled (200) <GET https://genius.com/Bon-iver-skinny-love-lyrics> (referer: https://genius.com/api/search/multi?per_page=5&q=Skinny+Love+-+Bon+Iver)
2020-12-15 16:28:29 [scrapy.core.scraper] DEBUG: Scraped from <200 https://genius.com/Bon-iver-skinny-love-lyrics>
None
2020-12-15 16:28:30 [scrapy.core.engine] DEBUG: Crawled (200) <GET https://genius.com/api/search/multi?per_page=5&q=Fineshrine+-+Purity+Ring> (referer: None)
2020-12-15 16:28:30 [scrapy.core.engine] DEBUG: Crawled (200) <GET https://genius.com/Two-door-cinema-club-undercover-martyn-lyrics> (referer: https://genius.com/api/search/multi?per_page=5&q=Undercover+Martyn+-+Two+Door+Cinema+Club)
2020-12-15 16:28:30 [scrapy.core.scraper] DEBUG: Scraped from <200 https://genius.com/Two-door-cinema-club-undercover-martyn-lyrics>
None
2020-12-15 16:28:31 [scrapy.core.engine] DEBUG: Crawled (200) <GET https://genius.com/Alt-j-left-hand-free-lido-remix-lyrics> (referer: https://genius.com/api/search/multi?per_page=5&q=Left+Hand+Free+-+Lido+Remix+-+alt-J)
2020-12-15 16:28:31 [scrapy.core.scraper] DEBUG: Scraped from <200 https://genius.com/Alt-j-left-hand-free-lido-remix-lyrics>
None
2020-12-15 16:28:31 [scrapy.core.engine] DEBUG: Crawled (200) <GET https://genius.com/api/search/multi?per_page=5&q=Animal+-+Miike+Snow> (referer: None)
2020-12-15 16:28:32 [scrapy.core.engine] DEBUG: Crawled (200) <GET https://genius.com/api/search/multi?per_page=5&q=Come+A+Little+Closer+-+Cage+The+Elephant> (referer: None)
2020-12-15 16:28:32 [scrapy.core.engine] DEBUG: Crawled (200) <GET https://genius.com/api/search/multi?per_page=5&q=High+Enough+-+K.Flay> (referer: None)
2020-12-15 16:28:33 [scrapy.core.engine] DEBUG: Crawled (200) <GET https://genius.com/Bakar-hell-n-back-lyrics> (referer: https://genius.com/api/search/multi?per_page=5&q=Hell+N+Back+-+Bakar)
2020-12-15 16:28:33 [scrapy.core.engine] DEBUG: Crawled (200) <GET https://genius.com/api/search/multi?per_page=5&q=Gold+-+Sir+Sly> (referer: None)
2020-12-15 16:28:33 [scrapy.core.scraper] DEBUG: Scraped from <200 https://genius.com/Bakar-hell-n-back-lyrics>
None
2020-12-15 16:28:33 [scrapy.core.engine] DEBUG: Crawled (200) <GET https://genius.com/Son-lux-easy-lyrics> (referer: https://genius.com/api/search/multi?per_page=5&q=Easy+-+Son+Lux)
2020-12-15 16:28:33 [scrapy.core.scraper] DEBUG: Scraped from <200 https://genius.com/Son-lux-easy-lyrics>
None
2020-12-15 16:28:33 [scrapy.core.engine] DEBUG: Crawled (200) <GET https://genius.com/api/search/multi?per_page=5&q=Modern+Jesus+-+Portugal.+The+Man> (referer: None)
2020-12-15 16:28:34 [scrapy.core.engine] DEBUG: Crawled (200) <GET https://genius.com/Phantogram-when-im-small-lyrics> (referer: https://genius.com/api/search/multi?per_page=5&q=When+I'm+Small+-+Phantogram)
2020-12-15 16:28:34 [scrapy.core.engine] DEBUG: Crawled (200) <GET https://genius.com/api/search/multi?per_page=5&q=While+I'm+Alive+-+STRFKR> (referer: None)
2020-12-15 16:28:34 [scrapy.core.scraper] DEBUG: Scraped from <200 https://genius.com/Phantogram-when-im-small-lyrics>
None
2020-12-15 16:28:34 [scrapy.core.engine] DEBUG: Crawled (200) <GET https://genius.com/Jake-bugg-two-fingers-lyrics> (referer: https://genius.com/api/search/multi?per_page=5&q=Two+Fingers+-+Jake+Bugg)
2020-12-15 16:28:34 [scrapy.core.engine] DEBUG: Crawled (200) <GET https://genius.com/api/search/multi?per_page=5&q=Dashboard+-+Modest+Mouse> (referer: None)
2020-12-15 16:28:34 [scrapy.core.scraper] DEBUG: Scraped from <200 https://genius.com/Jake-bugg-two-fingers-lyrics>
None
2020-12-15 16:28:34 [scrapy.core.engine] DEBUG: Crawled (200) <GET https://genius.com/api/search/multi?per_page=5&q=Default+-+Django+Django> (referer: None)
2020-12-15 16:28:35 [scrapy.core.engine] DEBUG: Crawled (200) <GET https://genius.com/api/search/multi?per_page=5&q=Landfill+-+Daughter> (referer: None)
2020-12-15 16:28:35 [scrapy.core.engine] DEBUG: Crawled (200) <GET https://genius.com/Purity-ring-fineshrine-lyrics> (referer: https://genius.com/api/search/multi?per_page=5&q=Fineshrine+-+Purity+Ring)
2020-12-15 16:28:35 [scrapy.core.scraper] DEBUG: Scraped from <200 https://genius.com/Purity-ring-fineshrine-lyrics>
None
2020-12-15 16:28:37 [scrapy.core.engine] DEBUG: Crawled (200) <GET https://genius.com/api/search/multi?per_page=5&q=Best+Friend+-+Foster+The+People> (referer: None)
2020-12-15 16:28:37 [scrapy.core.engine] DEBUG: Crawled (200) <GET https://genius.com/api/search/multi?per_page=5&q=Loud+-+Lewis+Del+Mar> (referer: None)
2020-12-15 16:28:37 [scrapy.core.engine] DEBUG: Crawled (200) <GET https://genius.com/api/search/multi?per_page=5&q=Angel+Of+Small+Death+&+The+Codeine+Scene+-+Hozier> (referer: None)
2020-12-15 16:28:37 [scrapy.core.engine] DEBUG: Crawled (200) <GET https://genius.com/api/search/multi?per_page=5&q=My+Number+-+Foals> (referer: None)
2020-12-15 16:28:39 [scrapy.core.engine] DEBUG: Crawled (200) <GET https://genius.com/api/search/multi?per_page=5&q=You+&+I+-+Crystal+Fighters> (referer: None)
2020-12-15 16:28:39 [scrapy.core.engine] DEBUG: Crawled (200) <GET https://genius.com/Cage-the-elephant-come-a-little-closer-lyrics> (referer: https://genius.com/api/search/multi?per_page=5&q=Come+A+Little+Closer+-+Cage+The+Elephant)
2020-12-15 16:28:40 [scrapy.core.scraper] DEBUG: Scraped from <200 https://genius.com/Cage-the-elephant-come-a-little-closer-lyrics>
None
2020-12-15 16:28:40 [scrapy.core.engine] DEBUG: Crawled (200) <GET https://genius.com/Portugal-the-man-modern-jesus-lyrics> (referer: https://genius.com/api/search/multi?per_page=5&q=Modern+Jesus+-+Portugal.+The+Man)
2020-12-15 16:28:40 [scrapy.core.scraper] DEBUG: Scraped from <200 https://genius.com/Portugal-the-man-modern-jesus-lyrics>
None
2020-12-15 16:28:40 [scrapy.core.engine] DEBUG: Crawled (200) <GET https://genius.com/api/search/multi?per_page=5&q=Candles+-+Daughter> (referer: None)
2020-12-15 16:28:40 [scrapy.core.engine] DEBUG: Crawled (200) <GET https://genius.com/Kflay-high-enough-lyrics> (referer: https://genius.com/api/search/multi?per_page=5&q=High+Enough+-+K.Flay)
2020-12-15 16:28:40 [scrapy.core.scraper] DEBUG: Scraped from <200 https://genius.com/Kflay-high-enough-lyrics>
None
2020-12-15 16:28:41 [scrapy.core.engine] DEBUG: Crawled (200) <GET https://genius.com/api/search/multi?per_page=5&q=Ms+-+alt-J> (referer: None)
2020-12-15 16:28:41 [scrapy.core.engine] DEBUG: Crawled (200) <GET https://genius.com/Miike-snow-animal-lyrics> (referer: https://genius.com/api/search/multi?per_page=5&q=Animal+-+Miike+Snow)
2020-12-15 16:28:41 [scrapy.core.engine] DEBUG: Crawled (200) <GET https://genius.com/Sir-sly-gold-lyrics> (referer: https://genius.com/api/search/multi?per_page=5&q=Gold+-+Sir+Sly)
2020-12-15 16:28:41 [scrapy.core.scraper] DEBUG: Scraped from <200 https://genius.com/Miike-snow-animal-lyrics>
None
2020-12-15 16:28:41 [scrapy.core.scraper] DEBUG: Scraped from <200 https://genius.com/Sir-sly-gold-lyrics>
None
2020-12-15 16:28:41 [scrapy.core.engine] DEBUG: Crawled (200) <GET https://genius.com/api/search/multi?per_page=5&q=Go+It+Alone+-+Beck> (referer: None)
2020-12-15 16:28:43 [scrapy.core.engine] DEBUG: Crawled (200) <GET https://genius.com/Strfkr-while-im-alive-lyrics> (referer: https://genius.com/api/search/multi?per_page=5&q=While+I'm+Alive+-+STRFKR)
2020-12-15 16:28:43 [scrapy.core.engine] DEBUG: Crawled (200) <GET https://genius.com/api/search/multi?per_page=5&q=Buttercup+-+Hippo+Campus> (referer: None)
2020-12-15 16:28:43 [scrapy.core.scraper] DEBUG: Scraped from <200 https://genius.com/Strfkr-while-im-alive-lyrics>
None
2020-12-15 16:28:44 [scrapy.core.engine] DEBUG: Crawled (200) <GET https://genius.com/api/search/multi?per_page=5&q=Campus+-+Vampire+Weekend> (referer: None)
2020-12-15 16:28:44 [scrapy.core.engine] DEBUG: Crawled (200) <GET https://genius.com/api/search/multi?per_page=5&q=Brazil+-+Declan+McKenna> (referer: None)
2020-12-15 16:28:44 [scrapy.core.engine] DEBUG: Crawled (200) <GET https://genius.com/Daughter-landfill-lyrics> (referer: https://genius.com/api/search/multi?per_page=5&q=Landfill+-+Daughter)
2020-12-15 16:28:44 [scrapy.core.scraper] DEBUG: Scraped from <200 https://genius.com/Daughter-landfill-lyrics>
None
2020-12-15 16:28:45 [scrapy.core.engine] DEBUG: Crawled (200) <GET https://genius.com/Django-django-default-lyrics> (referer: https://genius.com/api/search/multi?per_page=5&q=Default+-+Django+Django)
2020-12-15 16:28:45 [scrapy.core.scraper] DEBUG: Scraped from <200 https://genius.com/Django-django-default-lyrics>
None
2020-12-15 16:28:45 [scrapy.core.engine] DEBUG: Crawled (200) <GET https://genius.com/Modest-mouse-dashboard-lyrics> (referer: https://genius.com/api/search/multi?per_page=5&q=Dashboard+-+Modest+Mouse)
2020-12-15 16:28:45 [scrapy.core.scraper] DEBUG: Scraped from <200 https://genius.com/Modest-mouse-dashboard-lyrics>
None
2020-12-15 16:28:46 [scrapy.core.engine] DEBUG: Crawled (200) <GET https://genius.com/Foals-my-number-lyrics> (referer: https://genius.com/api/search/multi?per_page=5&q=My+Number+-+Foals)
2020-12-15 16:28:46 [scrapy.core.engine] DEBUG: Crawled (200) <GET https://genius.com/Daughter-candles-lyrics> (referer: https://genius.com/api/search/multi?per_page=5&q=Candles+-+Daughter)
2020-12-15 16:28:46 [scrapy.core.scraper] DEBUG: Scraped from <200 https://genius.com/Foals-my-number-lyrics>
None
2020-12-15 16:28:46 [scrapy.core.scraper] DEBUG: Scraped from <200 https://genius.com/Daughter-candles-lyrics>
None
2020-12-15 16:28:46 [scrapy.core.engine] DEBUG: Crawled (200) <GET https://genius.com/api/search/multi?per_page=5&q=Can't+Sleep+-+K.Flay> (referer: None)
2020-12-15 16:28:48 [scrapy.core.engine] DEBUG: Crawled (200) <GET https://genius.com/api/search/multi?per_page=5&q=Cucurucu+-+Nick+Mulvey> (referer: None)
2020-12-15 16:28:48 [scrapy.core.engine] DEBUG: Crawled (200) <GET https://genius.com/api/search/multi?per_page=5&q=Gold+on+the+Ceiling+-+The+Black+Keys> (referer: None)
2020-12-15 16:28:48 [scrapy.core.engine] DEBUG: Crawled (200) <GET https://genius.com/Hozier-angel-of-small-death-and-the-codeine-scene-lyrics> (referer: https://genius.com/api/search/multi?per_page=5&q=Angel+Of+Small+Death+&+The+Codeine+Scene+-+Hozier)
2020-12-15 16:28:48 [scrapy.core.scraper] DEBUG: Scraped from <200 https://genius.com/Hozier-angel-of-small-death-and-the-codeine-scene-lyrics>
None
2020-12-15 16:28:48 [scrapy.core.engine] DEBUG: Crawled (200) <GET https://genius.com/Lewis-del-mar-loudy-lyrics> (referer: https://genius.com/api/search/multi?per_page=5&q=Loud+-+Lewis+Del+Mar)
2020-12-15 16:28:49 [scrapy.core.scraper] DEBUG: Scraped from <200 https://genius.com/Lewis-del-mar-loudy-lyrics>
None
2020-12-15 16:28:49 [scrapy.core.engine] DEBUG: Crawled (200) <GET https://genius.com/Beck-go-it-alone-lyrics> (referer: https://genius.com/api/search/multi?per_page=5&q=Go+It+Alone+-+Beck)
2020-12-15 16:28:49 [scrapy.core.scraper] DEBUG: Scraped from <200 https://genius.com/Beck-go-it-alone-lyrics>
None
2020-12-15 16:28:49 [scrapy.core.engine] DEBUG: Crawled (200) <GET https://genius.com/Foster-the-people-best-friend-lyrics> (referer: https://genius.com/api/search/multi?per_page=5&q=Best+Friend+-+Foster+The+People)
2020-12-15 16:28:49 [scrapy.core.scraper] DEBUG: Scraped from <200 https://genius.com/Foster-the-people-best-friend-lyrics>
None
2020-12-15 16:28:51 [scrapy.core.engine] DEBUG: Crawled (200) <GET https://genius.com/api/search/multi?per_page=5&q=When+You+Die+-+MGMT> (referer: None)
2020-12-15 16:28:51 [scrapy.core.engine] DEBUG: Crawled (200) <GET https://genius.com/Alt-j-ms-lyrics> (referer: https://genius.com/api/search/multi?per_page=5&q=Ms+-+alt-J)
2020-12-15 16:28:51 [scrapy.core.engine] DEBUG: Crawled (200) <GET https://genius.com/Vampire-weekend-campus-lyrics> (referer: https://genius.com/api/search/multi?per_page=5&q=Campus+-+Vampire+Weekend)
2020-12-15 16:28:51 [scrapy.core.scraper] DEBUG: Scraped from <200 https://genius.com/Alt-j-ms-lyrics>
None
2020-12-15 16:28:51 [scrapy.core.scraper] DEBUG: Scraped from <200 https://genius.com/Vampire-weekend-campus-lyrics>
None
2020-12-15 16:28:52 [scrapy.core.engine] DEBUG: Crawled (200) <GET https://genius.com/Kflay-cant-sleep-lyrics> (referer: https://genius.com/api/search/multi?per_page=5&q=Can't+Sleep+-+K.Flay)
2020-12-15 16:28:52 [scrapy.core.engine] DEBUG: Crawled (200) <GET https://genius.com/api/search/multi?per_page=5&q=Stunner+-+Milky+Chance> (referer: None)
2020-12-15 16:28:52 [scrapy.core.scraper] DEBUG: Scraped from <200 https://genius.com/Kflay-cant-sleep-lyrics>
None
2020-12-15 16:28:53 [scrapy.core.engine] DEBUG: Crawled (200) <GET https://genius.com/Ed-sheeran-shape-of-you-lyrics> (referer: https://genius.com/api/search/multi?per_page=5&q=You+&+I+-+Crystal+Fighters)
2020-12-15 16:28:53 [scrapy.core.scraper] DEBUG: Scraped from <200 https://genius.com/Ed-sheeran-shape-of-you-lyrics>
None
2020-12-15 16:28:53 [scrapy.core.engine] DEBUG: Crawled (200) <GET https://genius.com/Hippo-campus-buttercup-lyrics> (referer: https://genius.com/api/search/multi?per_page=5&q=Buttercup+-+Hippo+Campus)
2020-12-15 16:28:53 [scrapy.core.scraper] DEBUG: Scraped from <200 https://genius.com/Hippo-campus-buttercup-lyrics>
None
2020-12-15 16:28:53 [scrapy.core.engine] DEBUG: Crawled (200) <GET https://genius.com/Declan-mckenna-brazil-lyrics> (referer: https://genius.com/api/search/multi?per_page=5&q=Brazil+-+Declan+McKenna)
2020-12-15 16:28:53 [scrapy.core.scraper] DEBUG: Scraped from <200 https://genius.com/Declan-mckenna-brazil-lyrics>
None
2020-12-15 16:28:54 [scrapy.core.engine] DEBUG: Crawled (200) <GET https://genius.com/Mgmt-when-you-die-lyrics> (referer: https://genius.com/api/search/multi?per_page=5&q=When+You+Die+-+MGMT)
2020-12-15 16:28:54 [scrapy.core.scraper] DEBUG: Scraped from <200 https://genius.com/Mgmt-when-you-die-lyrics>
None
2020-12-15 16:28:55 [scrapy.core.engine] DEBUG: Crawled (200) <GET https://genius.com/Nick-mulvey-cucurucu-lyrics> (referer: https://genius.com/api/search/multi?per_page=5&q=Cucurucu+-+Nick+Mulvey)
2020-12-15 16:28:56 [scrapy.core.scraper] DEBUG: Scraped from <200 https://genius.com/Nick-mulvey-cucurucu-lyrics>
None
2020-12-15 16:28:56 [scrapy.core.engine] DEBUG: Crawled (200) <GET https://genius.com/Milky-chance-stunner-lyrics> (referer: https://genius.com/api/search/multi?per_page=5&q=Stunner+-+Milky+Chance)
2020-12-15 16:28:56 [scrapy.core.scraper] DEBUG: Scraped from <200 https://genius.com/Milky-chance-stunner-lyrics>
None
2020-12-15 16:28:59 [scrapy.core.engine] DEBUG: Crawled (200) <GET https://genius.com/The-black-keys-gold-on-the-ceiling-lyrics> (referer: https://genius.com/api/search/multi?per_page=5&q=Gold+on+the+Ceiling+-+The+Black+Keys)
2020-12-15 16:28:59 [scrapy.core.scraper] DEBUG: Scraped from <200 https://genius.com/The-black-keys-gold-on-the-ceiling-lyrics>
None
2020-12-15 16:28:59 [scrapy.core.engine] INFO: Closing spider (finished)
2020-12-15 16:28:59 [scrapy.core.engine] ERROR: Scraper close failure
Traceback (most recent call last):
  File "/home/nitish/venvs/muse/lib/python3.6/site-packages/twisted/internet/defer.py", line 654, in _runCallbacks
    current.result = callback(current.result, *args, **kw)
  File "/home/nitish/Projects/muse/musebackendserver/muse/spiders/lyricraper/lyricraper/pipelines.py", line 89, in close_spider
    self.current_query_obj.songids_to_process = ''
AttributeError: 'NoneType' object has no attribute 'songids_to_process'
2020-12-15 16:28:59 [scrapy.statscollectors] INFO: Dumping Scrapy stats:
{'downloader/request_bytes': 34313,
 'downloader/request_count': 93,
 'downloader/request_method_count/GET': 93,
 'downloader/response_bytes': 3084816,
 'downloader/response_count': 93,
 'downloader/response_status_count/200': 93,
 'elapsed_time_seconds': 46.468978,
 'finish_reason': 'finished',
 'finish_time': datetime.datetime(2020, 12, 15, 16, 28, 59, 231407),
 'item_scraped_count': 47,
 'log_count/DEBUG': 140,
 'log_count/ERROR': 1,
 'log_count/INFO': 10,
 'log_count/WARNING': 1,
 'memusage/max': 76726272,
 'memusage/startup': 76726272,
 'request_depth_max': 1,
 'response_received_count': 93,
 'scheduler/dequeued': 93,
 'scheduler/dequeued/memory': 93,
 'scheduler/enqueued': 93,
 'scheduler/enqueued/memory': 93,
 'start_time': datetime.datetime(2020, 12, 15, 16, 28, 12, 762429)}
2020-12-15 16:28:59 [scrapy.core.engine] INFO: Spider closed (finished)
