2020-12-23 23:54:33 [scrapy.utils.log] INFO: Scrapy 2.3.0 started (bot: lyricraper)
2020-12-23 23:54:33 [scrapy.utils.log] INFO: Versions: lxml 4.5.2.0, libxml2 2.9.10, cssselect 1.1.0, parsel 1.6.0, w3lib 1.22.0, Twisted 20.3.0, Python 3.6.9 (default, Oct  8 2020, 12:12:24) - [GCC 8.4.0], pyOpenSSL 19.1.0 (OpenSSL 1.1.1h  22 Sep 2020), cryptography 3.1.1, Platform Linux-5.4.0-58-generic-x86_64-with-Ubuntu-18.04-bionic
2020-12-23 23:54:33 [scrapy.utils.log] DEBUG: Using reactor: twisted.internet.epollreactor.EPollReactor
2020-12-23 23:54:33 [scrapy.crawler] INFO: Overridden settings:
{'BOT_NAME': 'lyricraper',
 'LOG_FILE': 'logs/lyricraper/lyricraper_genius/33ac71a2457a11eb87d6000c29732d58.log',
 'NEWSPIDER_MODULE': 'lyricraper.spiders',
 'SPIDER_MODULES': ['lyricraper.spiders']}
2020-12-23 23:54:33 [scrapy.extensions.telnet] INFO: Telnet Password: b696058419f48565
2020-12-23 23:54:34 [scrapy.middleware] INFO: Enabled extensions:
['scrapy.extensions.corestats.CoreStats',
 'scrapy.extensions.telnet.TelnetConsole',
 'scrapy.extensions.memusage.MemoryUsage',
 'scrapy.extensions.logstats.LogStats']
2020-12-23 23:54:34 [lyricraper_genius] WARNING: To process: 101, 102, 103, 104, 105, 106, 107, 108, 109, 110, 111, 112, 113, 114, 115, 116, 117, 118, 119, 120, 121, 122, 123, 124, 125, 126, 127, 128, 129, 130, 131, 132, 133, 134, 135, 136, 137, 138, 139, 140, 141, 142, 143, 144, 145, 146, 147, 148, 149, 150, SongQueryObject object (4)
2020-12-23 23:54:34 [scrapy.middleware] INFO: Enabled downloader middlewares:
['scrapy.downloadermiddlewares.httpauth.HttpAuthMiddleware',
 'scrapy.downloadermiddlewares.downloadtimeout.DownloadTimeoutMiddleware',
 'scrapy.downloadermiddlewares.defaultheaders.DefaultHeadersMiddleware',
 'scrapy.downloadermiddlewares.useragent.UserAgentMiddleware',
 'scrapy.downloadermiddlewares.retry.RetryMiddleware',
 'scrapy.downloadermiddlewares.redirect.MetaRefreshMiddleware',
 'scrapy.downloadermiddlewares.httpcompression.HttpCompressionMiddleware',
 'scrapy.downloadermiddlewares.redirect.RedirectMiddleware',
 'scrapy.downloadermiddlewares.cookies.CookiesMiddleware',
 'scrapy.downloadermiddlewares.httpproxy.HttpProxyMiddleware',
 'scrapy.downloadermiddlewares.stats.DownloaderStats']
2020-12-23 23:54:34 [scrapy.middleware] INFO: Enabled spider middlewares:
['scrapy.spidermiddlewares.httperror.HttpErrorMiddleware',
 'scrapy.spidermiddlewares.offsite.OffsiteMiddleware',
 'scrapy.spidermiddlewares.referer.RefererMiddleware',
 'scrapy.spidermiddlewares.urllength.UrlLengthMiddleware',
 'scrapy.spidermiddlewares.depth.DepthMiddleware']
2020-12-23 23:54:34 [scrapy.middleware] INFO: Enabled item pipelines:
['lyricraper.pipelines.DjangoModelPipeline']
2020-12-23 23:54:34 [scrapy.core.engine] INFO: Spider opened
2020-12-23 23:54:34 [scrapy.extensions.logstats] INFO: Crawled 0 pages (at 0 pages/min), scraped 0 items (at 0 items/min)
2020-12-23 23:54:34 [scrapy.extensions.telnet] INFO: Telnet console listening on 127.0.0.1:6023
2020-12-23 23:54:36 [scrapy.core.engine] DEBUG: Crawled (200) <GET https://genius.com/api/search/multi?per_page=5&q=Answers+-+Au5> (referer: None)
2020-12-23 23:54:36 [scrapy.core.engine] DEBUG: Crawled (200) <GET https://genius.com/api/search/multi?per_page=5&q=Bindings+In+The+Cold+-+Yoe+Mase> (referer: None)
2020-12-23 23:54:36 [scrapy.core.engine] DEBUG: Crawled (200) <GET https://genius.com/api/search/multi?per_page=5&q=in+the+end+i+just+want+you+to+be+happy+-+San+Holo> (referer: None)
2020-12-23 23:54:36 [scrapy.core.engine] DEBUG: Crawled (200) <GET https://genius.com/api/search/multi?per_page=5&q=higher+-+pluko> (referer: None)
2020-12-23 23:54:36 [scrapy.core.engine] DEBUG: Crawled (200) <GET https://genius.com/api/search/multi?per_page=5&q=Stay+Forever++-+Whethan> (referer: None)
2020-12-23 23:54:36 [scrapy.core.engine] DEBUG: Crawled (200) <GET https://genius.com/api/search/multi?per_page=5&q=Closer+-+TWO+LANES> (referer: None)
2020-12-23 23:54:37 [scrapy.core.engine] DEBUG: Crawled (200) <GET https://genius.com/api/search/multi?per_page=5&q=Nobody+Like+You++-+Hermitude+Remix+-+Louis+The+Child> (referer: None)
2020-12-23 23:54:37 [scrapy.core.engine] DEBUG: Crawled (200) <GET https://genius.com/api/search/multi?per_page=5&q=Play+Pretend+-+Kasbo> (referer: None)
2020-12-23 23:54:37 [scrapy.core.engine] DEBUG: Crawled (200) <GET https://genius.com/api/search/multi?per_page=5&q=You+&+I+-+Flux+Pavilion> (referer: None)
2020-12-23 23:54:37 [scrapy.core.scraper] DEBUG: Scraped from <200 https://genius.com/api/search/multi?per_page=5&q=Nobody+Like+You++-+Hermitude+Remix+-+Louis+The+Child>
None
2020-12-23 23:54:37 [scrapy.core.engine] DEBUG: Crawled (200) <GET https://genius.com/api/search/multi?per_page=5&q=Revenge,+And+a+Little+More+-+Unlike+Pluto> (referer: None)
2020-12-23 23:54:37 [scrapy.core.engine] DEBUG: Crawled (200) <GET https://genius.com/api/search/multi?per_page=5&q=Lose+My+Mind++-+Jai+Wolf> (referer: None)
2020-12-23 23:54:37 [scrapy.core.engine] DEBUG: Crawled (200) <GET https://genius.com/api/search/multi?per_page=5&q=Lune+-+Kasbo> (referer: None)
2020-12-23 23:54:37 [scrapy.core.engine] DEBUG: Crawled (200) <GET https://genius.com/api/search/multi?per_page=5&q=Gone+-+sober+rob> (referer: None)
2020-12-23 23:54:37 [scrapy.core.engine] DEBUG: Crawled (200) <GET https://genius.com/api/search/multi?per_page=5&q=Silence++-+Julian+Calor> (referer: None)
2020-12-23 23:54:38 [scrapy.core.engine] DEBUG: Crawled (200) <GET https://genius.com/api/search/multi?per_page=5&q=Nuclear+Bass+Face+-+NGHTMRE> (referer: None)
2020-12-23 23:54:39 [scrapy.core.engine] DEBUG: Crawled (200) <GET https://genius.com/api/search/multi?per_page=5&q=Fragments+-+Aiobahn> (referer: None)
2020-12-23 23:54:39 [scrapy.core.engine] DEBUG: Crawled (200) <GET https://genius.com/api/search/multi?per_page=5&q=Foolish+Of+Me++-+Seven+Lions> (referer: None)
2020-12-23 23:54:39 [scrapy.core.engine] DEBUG: Crawled (200) <GET https://genius.com/api/search/multi?per_page=5&q=Orbit+-+Rezz> (referer: None)
2020-12-23 23:54:40 [scrapy.core.engine] DEBUG: Crawled (200) <GET https://genius.com/Au5-answers-lyrics> (referer: https://genius.com/api/search/multi?per_page=5&q=Answers+-+Au5)
2020-12-23 23:54:40 [scrapy.core.engine] DEBUG: Crawled (200) <GET https://genius.com/Pluko-and-panama-higher-lyrics> (referer: https://genius.com/api/search/multi?per_page=5&q=higher+-+pluko)
2020-12-23 23:54:40 [scrapy.core.scraper] DEBUG: Scraped from <200 https://genius.com/Au5-answers-lyrics>
None
2020-12-23 23:54:40 [scrapy.core.scraper] DEBUG: Scraped from <200 https://genius.com/Pluko-and-panama-higher-lyrics>
None
2020-12-23 23:54:40 [scrapy.core.engine] DEBUG: Crawled (200) <GET https://genius.com/San-holo-in-the-end-i-just-want-you-to-be-happy-lyrics> (referer: https://genius.com/api/search/multi?per_page=5&q=in+the+end+i+just+want+you+to+be+happy+-+San+Holo)
2020-12-23 23:54:40 [scrapy.core.scraper] DEBUG: Scraped from <200 https://genius.com/San-holo-in-the-end-i-just-want-you-to-be-happy-lyrics>
None
2020-12-23 23:54:40 [scrapy.core.engine] DEBUG: Crawled (200) <GET https://genius.com/Yoe-mase-bindings-in-the-cold-lyrics> (referer: https://genius.com/api/search/multi?per_page=5&q=Bindings+In+The+Cold+-+Yoe+Mase)
2020-12-23 23:54:40 [scrapy.core.scraper] DEBUG: Scraped from <200 https://genius.com/Yoe-mase-bindings-in-the-cold-lyrics>
None
2020-12-23 23:54:40 [scrapy.core.engine] DEBUG: Crawled (200) <GET https://genius.com/Two-lanes-closer-lyrics> (referer: https://genius.com/api/search/multi?per_page=5&q=Closer+-+TWO+LANES)
2020-12-23 23:54:40 [scrapy.core.engine] DEBUG: Crawled (200) <GET https://genius.com/api/search/multi?per_page=5&q=I+Never+Stay+In+Love+-+Stephen> (referer: None)
2020-12-23 23:54:40 [scrapy.core.scraper] DEBUG: Scraped from <200 https://genius.com/Two-lanes-closer-lyrics>
None
2020-12-23 23:54:41 [scrapy.core.engine] DEBUG: Crawled (200) <GET https://genius.com/api/search/multi?per_page=5&q=Drumdown+Mambo++-+Whethan> (referer: None)
2020-12-23 23:54:41 [scrapy.core.engine] DEBUG: Crawled (200) <GET https://genius.com/Whethan-stay-forever-lyrics> (referer: https://genius.com/api/search/multi?per_page=5&q=Stay+Forever++-+Whethan)
2020-12-23 23:54:41 [scrapy.core.scraper] DEBUG: Scraped from <200 https://genius.com/Whethan-stay-forever-lyrics>
None
2020-12-23 23:54:42 [scrapy.core.engine] DEBUG: Crawled (200) <GET https://genius.com/Jai-wolf-lose-my-mind-lyrics> (referer: https://genius.com/api/search/multi?per_page=5&q=Lose+My+Mind++-+Jai+Wolf)
2020-12-23 23:54:42 [scrapy.core.engine] DEBUG: Crawled (200) <GET https://genius.com/Unlike-pluto-revenge-and-a-little-more-lyrics> (referer: https://genius.com/api/search/multi?per_page=5&q=Revenge,+And+a+Little+More+-+Unlike+Pluto)
2020-12-23 23:54:42 [scrapy.core.scraper] DEBUG: Scraped from <200 https://genius.com/Jai-wolf-lose-my-mind-lyrics>
None
2020-12-23 23:54:42 [scrapy.core.scraper] DEBUG: Scraped from <200 https://genius.com/Unlike-pluto-revenge-and-a-little-more-lyrics>
None
2020-12-23 23:54:43 [scrapy.core.engine] DEBUG: Crawled (200) <GET https://genius.com/Kasbo-play-pretend-lyrics> (referer: https://genius.com/api/search/multi?per_page=5&q=Play+Pretend+-+Kasbo)
2020-12-23 23:54:43 [scrapy.core.engine] DEBUG: Crawled (200) <GET https://genius.com/Julian-calor-silence-lyrics> (referer: https://genius.com/api/search/multi?per_page=5&q=Silence++-+Julian+Calor)
2020-12-23 23:54:43 [scrapy.core.engine] DEBUG: Crawled (200) <GET https://genius.com/Nghtmre-and-subtronics-nuclear-bass-face-lyrics> (referer: https://genius.com/api/search/multi?per_page=5&q=Nuclear+Bass+Face+-+NGHTMRE)
2020-12-23 23:54:43 [scrapy.core.scraper] DEBUG: Scraped from <200 https://genius.com/Kasbo-play-pretend-lyrics>
None
2020-12-23 23:54:43 [scrapy.core.scraper] DEBUG: Scraped from <200 https://genius.com/Julian-calor-silence-lyrics>
None
2020-12-23 23:54:43 [scrapy.core.scraper] DEBUG: Scraped from <200 https://genius.com/Nghtmre-and-subtronics-nuclear-bass-face-lyrics>
None
2020-12-23 23:54:43 [scrapy.core.engine] DEBUG: Crawled (200) <GET https://genius.com/Sober-rob-gone-lyrics> (referer: https://genius.com/api/search/multi?per_page=5&q=Gone+-+sober+rob)
2020-12-23 23:54:43 [scrapy.core.scraper] DEBUG: Scraped from <200 https://genius.com/Sober-rob-gone-lyrics>
None
2020-12-23 23:54:44 [scrapy.core.engine] DEBUG: Crawled (200) <GET https://genius.com/Kasbo-lune-lyrics> (referer: https://genius.com/api/search/multi?per_page=5&q=Lune+-+Kasbo)
2020-12-23 23:54:44 [scrapy.core.scraper] DEBUG: Scraped from <200 https://genius.com/Kasbo-lune-lyrics>
None
2020-12-23 23:54:44 [scrapy.core.engine] DEBUG: Crawled (200) <GET https://genius.com/Ed-sheeran-shape-of-you-lyrics> (referer: https://genius.com/api/search/multi?per_page=5&q=You+&+I+-+Flux+Pavilion)
2020-12-23 23:54:44 [scrapy.core.engine] DEBUG: Crawled (200) <GET https://genius.com/api/search/multi?per_page=5&q=TESSELLATE+-+BAYNK> (referer: None)
2020-12-23 23:54:44 [scrapy.core.scraper] DEBUG: Scraped from <200 https://genius.com/Ed-sheeran-shape-of-you-lyrics>
None
2020-12-23 23:54:44 [scrapy.core.engine] DEBUG: Crawled (200) <GET https://genius.com/api/search/multi?per_page=5&q=ugh!+-+Dooqu+Remix+-+dwilly> (referer: None)
2020-12-23 23:54:44 [scrapy.core.engine] DEBUG: Crawled (200) <GET https://genius.com/api/search/multi?per_page=5&q=i+want+you+-+pluko> (referer: None)
2020-12-23 23:54:44 [scrapy.core.scraper] DEBUG: Scraped from <200 https://genius.com/api/search/multi?per_page=5&q=ugh!+-+Dooqu+Remix+-+dwilly>
None
2020-12-23 23:54:45 [scrapy.core.engine] DEBUG: Crawled (200) <GET https://genius.com/Rezz-orbit-lyrics> (referer: https://genius.com/api/search/multi?per_page=5&q=Orbit+-+Rezz)
2020-12-23 23:54:45 [scrapy.core.scraper] DEBUG: Scraped from <200 https://genius.com/Rezz-orbit-lyrics>
None
2020-12-23 23:54:45 [scrapy.core.engine] DEBUG: Crawled (200) <GET https://genius.com/Seven-lions-jason-ross-and-crystal-skies-foolish-of-me-lyrics> (referer: https://genius.com/api/search/multi?per_page=5&q=Foolish+Of+Me++-+Seven+Lions)
2020-12-23 23:54:45 [scrapy.core.scraper] DEBUG: Scraped from <200 https://genius.com/Seven-lions-jason-ross-and-crystal-skies-foolish-of-me-lyrics>
None
2020-12-23 23:54:45 [scrapy.core.engine] DEBUG: Crawled (200) <GET https://genius.com/Aiobahn-fragments-lyrics> (referer: https://genius.com/api/search/multi?per_page=5&q=Fragments+-+Aiobahn)
2020-12-23 23:54:46 [scrapy.core.scraper] DEBUG: Scraped from <200 https://genius.com/Aiobahn-fragments-lyrics>
None
2020-12-23 23:54:46 [scrapy.core.engine] DEBUG: Crawled (200) <GET https://genius.com/api/search/multi?per_page=5&q=Nightlight+-+MOTi+Remix+-+ILLENIUM> (referer: None)
2020-12-23 23:54:46 [scrapy.core.engine] DEBUG: Crawled (200) <GET https://genius.com/api/search/multi?per_page=5&q=Wrong+Faces+Wrong+Places+-+Unlike+Pluto> (referer: None)
2020-12-23 23:54:46 [scrapy.core.engine] DEBUG: Crawled (200) <GET https://genius.com/api/search/multi?per_page=5&q=Play+Me+Like+A+Violin+-+Stephen> (referer: None)
2020-12-23 23:54:46 [scrapy.core.engine] DEBUG: Crawled (200) <GET https://genius.com/api/search/multi?per_page=5&q=Like+That+-+Fox+Stevenson> (referer: None)
2020-12-23 23:54:46 [scrapy.core.engine] DEBUG: Crawled (200) <GET https://genius.com/Stephen-i-never-stay-in-love-lyrics> (referer: https://genius.com/api/search/multi?per_page=5&q=I+Never+Stay+In+Love+-+Stephen)
2020-12-23 23:54:46 [scrapy.core.scraper] DEBUG: Scraped from <200 https://genius.com/Stephen-i-never-stay-in-love-lyrics>
None
2020-12-23 23:54:46 [scrapy.core.engine] DEBUG: Crawled (200) <GET https://genius.com/api/search/multi?per_page=5&q=Distance+-+Apashe> (referer: None)
2020-12-23 23:54:47 [scrapy.core.engine] DEBUG: Crawled (200) <GET https://genius.com/Whethan-drumdown-mambo-lyrics> (referer: https://genius.com/api/search/multi?per_page=5&q=Drumdown+Mambo++-+Whethan)
2020-12-23 23:54:47 [scrapy.core.scraper] DEBUG: Scraped from <200 https://genius.com/Whethan-drumdown-mambo-lyrics>
None
2020-12-23 23:54:47 [scrapy.core.engine] DEBUG: Crawled (200) <GET https://genius.com/api/search/multi?per_page=5&q=Don't+Wait+for+Me+-+Unlike+Pluto> (referer: None)
2020-12-23 23:54:48 [scrapy.core.engine] DEBUG: Crawled (200) <GET https://genius.com/api/search/multi?per_page=5&q=Double+Dutch+-+Keys+N+Krates> (referer: None)
2020-12-23 23:54:48 [scrapy.core.engine] DEBUG: Crawled (200) <GET https://genius.com/api/search/multi?per_page=5&q=HEART+ATTACK++-+BRONSON> (referer: None)
2020-12-23 23:54:48 [scrapy.core.scraper] DEBUG: Scraped from <200 https://genius.com/api/search/multi?per_page=5&q=Double+Dutch+-+Keys+N+Krates>
None
2020-12-23 23:54:48 [scrapy.core.engine] DEBUG: Crawled (200) <GET https://genius.com/api/search/multi?per_page=5&q=Praise++-+Tchami> (referer: None)
2020-12-23 23:54:48 [scrapy.core.engine] DEBUG: Crawled (200) <GET https://genius.com/api/search/multi?per_page=5&q=At+Night++-+3LAU> (referer: None)
2020-12-23 23:54:49 [scrapy.core.engine] DEBUG: Crawled (200) <GET https://genius.com/api/search/multi?per_page=5&q=The+Feeling+-+ford.> (referer: None)
2020-12-23 23:54:49 [scrapy.core.engine] DEBUG: Crawled (200) <GET https://genius.com/Baynk-tessellate-lyrics> (referer: https://genius.com/api/search/multi?per_page=5&q=TESSELLATE+-+BAYNK)
2020-12-23 23:54:49 [scrapy.core.scraper] DEBUG: Scraped from <200 https://genius.com/Baynk-tessellate-lyrics>
None
2020-12-23 23:54:49 [scrapy.core.engine] DEBUG: Crawled (200) <GET https://genius.com/api/search/multi?per_page=5&q=Free++-+Party+Favor+Remix+-+Louis+The+Child> (referer: None)
2020-12-23 23:54:49 [scrapy.core.engine] DEBUG: Crawled (200) <GET https://genius.com/api/search/multi?per_page=5&q=Overthinker+-+INZO> (referer: None)
2020-12-23 23:54:50 [scrapy.core.engine] DEBUG: Crawled (200) <GET https://genius.com/api/search/multi?per_page=5&q=I+Believe+-+Flux+Pavilion> (referer: None)
2020-12-23 23:54:50 [scrapy.core.engine] DEBUG: Crawled (200) <GET https://genius.com/Pluko-i-want-you-lyrics> (referer: https://genius.com/api/search/multi?per_page=5&q=i+want+you+-+pluko)
2020-12-23 23:54:50 [scrapy.core.engine] DEBUG: Crawled (200) <GET https://genius.com/api/search/multi?per_page=5&q=Heartless+-+Getter> (referer: None)
2020-12-23 23:54:50 [scrapy.core.engine] DEBUG: Crawled (200) <GET https://genius.com/api/search/multi?per_page=5&q=I+Won't+Let+You+Fall++-+WHIPPED+CREAM> (referer: None)
2020-12-23 23:54:50 [scrapy.core.scraper] DEBUG: Scraped from <200 https://genius.com/Pluko-i-want-you-lyrics>
None
2020-12-23 23:54:51 [scrapy.core.engine] DEBUG: Crawled (200) <GET https://genius.com/api/search/multi?per_page=5&q=Hurting+on+Purpose++-+Whethan> (referer: None)
2020-12-23 23:54:51 [scrapy.core.engine] DEBUG: Crawled (200) <GET https://genius.com/Fox-stevenson-like-that-lyrics> (referer: https://genius.com/api/search/multi?per_page=5&q=Like+That+-+Fox+Stevenson)
2020-12-23 23:54:51 [scrapy.core.scraper] DEBUG: Scraped from <200 https://genius.com/Fox-stevenson-like-that-lyrics>
None
2020-12-23 23:54:51 [scrapy.core.engine] DEBUG: Crawled (200) <GET https://genius.com/Apashe-distance-lyrics> (referer: https://genius.com/api/search/multi?per_page=5&q=Distance+-+Apashe)
2020-12-23 23:54:51 [scrapy.core.scraper] DEBUG: Scraped from <200 https://genius.com/Apashe-distance-lyrics>
None
2020-12-23 23:54:52 [scrapy.core.engine] DEBUG: Crawled (200) <GET https://genius.com/Stephen-play-me-like-a-violin-lyrics> (referer: https://genius.com/api/search/multi?per_page=5&q=Play+Me+Like+A+Violin+-+Stephen)
2020-12-23 23:54:52 [scrapy.core.scraper] DEBUG: Scraped from <200 https://genius.com/Stephen-play-me-like-a-violin-lyrics>
None
2020-12-23 23:54:52 [scrapy.core.engine] DEBUG: Crawled (200) <GET https://genius.com/Unlike-pluto-dont-wait-for-me-lyrics> (referer: https://genius.com/api/search/multi?per_page=5&q=Don't+Wait+for+Me+-+Unlike+Pluto)
2020-12-23 23:54:52 [scrapy.core.engine] DEBUG: Crawled (200) <GET https://genius.com/Unlike-pluto-wrong-faces-wrong-places-lyrics> (referer: https://genius.com/api/search/multi?per_page=5&q=Wrong+Faces+Wrong+Places+-+Unlike+Pluto)
2020-12-23 23:54:52 [scrapy.core.scraper] DEBUG: Scraped from <200 https://genius.com/Unlike-pluto-dont-wait-for-me-lyrics>
None
2020-12-23 23:54:52 [scrapy.core.scraper] DEBUG: Scraped from <200 https://genius.com/Unlike-pluto-wrong-faces-wrong-places-lyrics>
None
2020-12-23 23:54:52 [scrapy.core.engine] DEBUG: Crawled (200) <GET https://genius.com/Illenium-and-annika-wells-nightlight-moti-remix-lyrics> (referer: https://genius.com/api/search/multi?per_page=5&q=Nightlight+-+MOTi+Remix+-+ILLENIUM)
2020-12-23 23:54:52 [scrapy.core.scraper] DEBUG: Scraped from <200 https://genius.com/Illenium-and-annika-wells-nightlight-moti-remix-lyrics>
None
2020-12-23 23:54:53 [scrapy.core.engine] DEBUG: Crawled (200) <GET https://genius.com/Bronson-heart-attack-lyrics> (referer: https://genius.com/api/search/multi?per_page=5&q=HEART+ATTACK++-+BRONSON)
2020-12-23 23:54:53 [scrapy.core.scraper] DEBUG: Scraped from <200 https://genius.com/Bronson-heart-attack-lyrics>
None
2020-12-23 23:54:54 [scrapy.core.engine] DEBUG: Crawled (200) <GET https://genius.com/Ford-sonn-and-hanz-the-feeling-lyrics> (referer: https://genius.com/api/search/multi?per_page=5&q=The+Feeling+-+ford.)
2020-12-23 23:54:54 [scrapy.core.scraper] DEBUG: Scraped from <200 https://genius.com/Ford-sonn-and-hanz-the-feeling-lyrics>
None
2020-12-23 23:54:54 [scrapy.core.engine] DEBUG: Crawled (200) <GET https://genius.com/3lau-and-shaun-frank-at-night-lyrics> (referer: https://genius.com/api/search/multi?per_page=5&q=At+Night++-+3LAU)
2020-12-23 23:54:54 [scrapy.core.scraper] DEBUG: Scraped from <200 https://genius.com/3lau-and-shaun-frank-at-night-lyrics>
None
2020-12-23 23:54:54 [scrapy.core.engine] DEBUG: Crawled (200) <GET https://genius.com/api/search/multi?per_page=5&q=Iris+in+the+Dark+-+Just+A+Gent> (referer: None)
2020-12-23 23:54:54 [scrapy.core.engine] DEBUG: Crawled (200) <GET https://genius.com/api/search/multi?per_page=5&q=Handle+-+Yoe+Mase> (referer: None)
2020-12-23 23:54:54 [scrapy.core.engine] DEBUG: Crawled (200) <GET https://genius.com/Louis-the-child-and-drew-love-free-party-favor-remix-lyrics> (referer: https://genius.com/api/search/multi?per_page=5&q=Free++-+Party+Favor+Remix+-+Louis+The+Child)
2020-12-23 23:54:54 [scrapy.core.scraper] DEBUG: Scraped from <200 https://genius.com/Louis-the-child-and-drew-love-free-party-favor-remix-lyrics>
None
2020-12-23 23:54:54 [scrapy.core.engine] DEBUG: Crawled (200) <GET https://genius.com/Inzo-overthinker-lyrics> (referer: https://genius.com/api/search/multi?per_page=5&q=Overthinker+-+INZO)
2020-12-23 23:54:55 [scrapy.core.scraper] DEBUG: Scraped from <200 https://genius.com/Inzo-overthinker-lyrics>
None
2020-12-23 23:54:55 [scrapy.core.engine] DEBUG: Crawled (200) <GET https://genius.com/Tchami-praise-lyrics> (referer: https://genius.com/api/search/multi?per_page=5&q=Praise++-+Tchami)
2020-12-23 23:54:55 [scrapy.core.scraper] DEBUG: Scraped from <200 https://genius.com/Tchami-praise-lyrics>
None
2020-12-23 23:54:55 [scrapy.core.engine] DEBUG: Crawled (200) <GET https://genius.com/Flux-pavilion-i-believe-lyrics> (referer: https://genius.com/api/search/multi?per_page=5&q=I+Believe+-+Flux+Pavilion)
2020-12-23 23:54:55 [scrapy.core.scraper] DEBUG: Scraped from <200 https://genius.com/Flux-pavilion-i-believe-lyrics>
None
2020-12-23 23:54:56 [scrapy.core.engine] DEBUG: Crawled (200) <GET https://genius.com/api/search/multi?per_page=5&q=Bruises+-+Fox+Stevenson> (referer: None)
2020-12-23 23:54:56 [scrapy.core.engine] DEBUG: Crawled (200) <GET https://genius.com/api/search/multi?per_page=5&q=Survive+-+Flux+Pavilion> (referer: None)
2020-12-23 23:54:56 [scrapy.core.engine] DEBUG: Crawled (200) <GET https://genius.com/api/search/multi?per_page=5&q=Sunburn+-+DROELOE> (referer: None)
2020-12-23 23:54:56 [scrapy.core.engine] DEBUG: Crawled (200) <GET https://genius.com/api/search/multi?per_page=5&q=Radiate+-+Fytch> (referer: None)
2020-12-23 23:54:56 [scrapy.core.engine] DEBUG: Crawled (200) <GET https://genius.com/Whipped-cream-i-wont-let-you-fall-lyrics> (referer: https://genius.com/api/search/multi?per_page=5&q=I+Won't+Let+You+Fall++-+WHIPPED+CREAM)
2020-12-23 23:54:56 [scrapy.core.scraper] DEBUG: Scraped from <200 https://genius.com/Whipped-cream-i-wont-let-you-fall-lyrics>
None
2020-12-23 23:54:56 [scrapy.core.engine] DEBUG: Crawled (200) <GET https://genius.com/Getter-heartless-lyrics> (referer: https://genius.com/api/search/multi?per_page=5&q=Heartless+-+Getter)
2020-12-23 23:54:57 [scrapy.core.scraper] DEBUG: Scraped from <200 https://genius.com/Getter-heartless-lyrics>
None
2020-12-23 23:54:57 [scrapy.core.engine] DEBUG: Crawled (200) <GET https://genius.com/api/search/multi?per_page=5&q=No+Fear+No+More++-+Madeon> (referer: None)
2020-12-23 23:54:57 [scrapy.core.engine] DEBUG: Crawled (200) <GET https://genius.com/Whethan-hurting-on-purpose-lyrics> (referer: https://genius.com/api/search/multi?per_page=5&q=Hurting+on+Purpose++-+Whethan)
2020-12-23 23:54:57 [scrapy.core.scraper] DEBUG: Scraped from <200 https://genius.com/Whethan-hurting-on-purpose-lyrics>
None
2020-12-23 23:54:58 [scrapy.core.engine] DEBUG: Crawled (200) <GET https://genius.com/api/search/multi?per_page=5&q=feelings++-+pluko> (referer: None)
2020-12-23 23:54:58 [scrapy.core.engine] DEBUG: Crawled (200) <GET https://genius.com/api/search/multi?per_page=5&q=BACK+AND+FORTH+-+SEBASTIAN+PAUL> (referer: None)
2020-12-23 23:54:58 [scrapy.core.engine] DEBUG: Crawled (200) <GET https://genius.com/api/search/multi?per_page=5&q=Haunted+-+SMLE> (referer: None)
2020-12-23 23:54:59 [scrapy.core.engine] DEBUG: Crawled (200) <GET https://genius.com/Just-a-gent-iris-in-the-dark-lyrics> (referer: https://genius.com/api/search/multi?per_page=5&q=Iris+in+the+Dark+-+Just+A+Gent)
2020-12-23 23:54:59 [scrapy.core.engine] DEBUG: Crawled (200) <GET https://genius.com/Fox-stevenson-bruises-lyrics> (referer: https://genius.com/api/search/multi?per_page=5&q=Bruises+-+Fox+Stevenson)
2020-12-23 23:54:59 [scrapy.core.scraper] DEBUG: Scraped from <200 https://genius.com/Just-a-gent-iris-in-the-dark-lyrics>
None
2020-12-23 23:54:59 [scrapy.core.engine] DEBUG: Crawled (200) <GET https://genius.com/Yoe-mase-and-echos-handle-lyrics> (referer: https://genius.com/api/search/multi?per_page=5&q=Handle+-+Yoe+Mase)
2020-12-23 23:54:59 [scrapy.core.scraper] DEBUG: Scraped from <200 https://genius.com/Fox-stevenson-bruises-lyrics>
None
2020-12-23 23:54:59 [scrapy.core.scraper] DEBUG: Scraped from <200 https://genius.com/Yoe-mase-and-echos-handle-lyrics>
None
2020-12-23 23:55:00 [scrapy.core.engine] DEBUG: Crawled (200) <GET https://genius.com/Flux-pavilion-and-feed-me-survive-lyrics> (referer: https://genius.com/api/search/multi?per_page=5&q=Survive+-+Flux+Pavilion)
2020-12-23 23:55:00 [scrapy.core.scraper] DEBUG: Scraped from <200 https://genius.com/Flux-pavilion-and-feed-me-survive-lyrics>
None
2020-12-23 23:55:00 [scrapy.core.engine] DEBUG: Crawled (200) <GET https://genius.com/Droeloe-sunburn-lyrics> (referer: https://genius.com/api/search/multi?per_page=5&q=Sunburn+-+DROELOE)
2020-12-23 23:55:00 [scrapy.core.engine] DEBUG: Crawled (200) <GET https://genius.com/Fytch-radiate-lyrics> (referer: https://genius.com/api/search/multi?per_page=5&q=Radiate+-+Fytch)
2020-12-23 23:55:00 [scrapy.core.scraper] DEBUG: Scraped from <200 https://genius.com/Droeloe-sunburn-lyrics>
None
2020-12-23 23:55:00 [scrapy.core.scraper] DEBUG: Scraped from <200 https://genius.com/Fytch-radiate-lyrics>
None
2020-12-23 23:55:00 [scrapy.core.engine] DEBUG: Crawled (200) <GET https://genius.com/Pluko-feelings-w-marlhy-lyrics> (referer: https://genius.com/api/search/multi?per_page=5&q=feelings++-+pluko)
2020-12-23 23:55:00 [scrapy.core.scraper] DEBUG: Scraped from <200 https://genius.com/Pluko-feelings-w-marlhy-lyrics>
None
2020-12-23 23:55:00 [scrapy.core.engine] DEBUG: Crawled (200) <GET https://genius.com/Madeon-no-fear-no-more-lyrics> (referer: https://genius.com/api/search/multi?per_page=5&q=No+Fear+No+More++-+Madeon)
2020-12-23 23:55:01 [scrapy.core.scraper] DEBUG: Scraped from <200 https://genius.com/Madeon-no-fear-no-more-lyrics>
None
2020-12-23 23:55:02 [scrapy.core.engine] DEBUG: Crawled (200) <GET https://genius.com/Sebastian-paul-back-and-forth-lyrics> (referer: https://genius.com/api/search/multi?per_page=5&q=BACK+AND+FORTH+-+SEBASTIAN+PAUL)
2020-12-23 23:55:02 [scrapy.core.engine] DEBUG: Crawled (200) <GET https://genius.com/Smle-haunted-lyrics> (referer: https://genius.com/api/search/multi?per_page=5&q=Haunted+-+SMLE)
2020-12-23 23:55:02 [scrapy.core.scraper] DEBUG: Scraped from <200 https://genius.com/Sebastian-paul-back-and-forth-lyrics>
None
2020-12-23 23:55:02 [scrapy.core.scraper] DEBUG: Scraped from <200 https://genius.com/Smle-haunted-lyrics>
None
2020-12-23 23:55:02 [scrapy.core.engine] INFO: Closing spider (finished)
2020-12-23 23:55:02 [scrapy.core.engine] ERROR: Scraper close failure
Traceback (most recent call last):
  File "/home/nitish/venvs/muse/lib/python3.6/site-packages/twisted/internet/defer.py", line 654, in _runCallbacks
    current.result = callback(current.result, *args, **kw)
  File "/tmp/lyricraper-1608042798-lamo9f7a.egg/lyricraper/pipelines.py", line 89, in close_spider
AttributeError: 'NoneType' object has no attribute 'songids_to_process'
2020-12-23 23:55:02 [scrapy.statscollectors] INFO: Dumping Scrapy stats:
{'downloader/request_bytes': 35715,
 'downloader/request_count': 97,
 'downloader/request_method_count/GET': 97,
 'downloader/response_bytes': 2670632,
 'downloader/response_count': 97,
 'downloader/response_status_count/200': 97,
 'elapsed_time_seconds': 28.162582,
 'finish_reason': 'finished',
 'finish_time': datetime.datetime(2020, 12, 23, 23, 55, 2, 415363),
 'item_scraped_count': 50,
 'log_count/DEBUG': 147,
 'log_count/ERROR': 1,
 'log_count/INFO': 10,
 'log_count/WARNING': 1,
 'memusage/max': 76906496,
 'memusage/startup': 76906496,
 'request_depth_max': 1,
 'response_received_count': 97,
 'scheduler/dequeued': 97,
 'scheduler/dequeued/memory': 97,
 'scheduler/enqueued': 97,
 'scheduler/enqueued/memory': 97,
 'start_time': datetime.datetime(2020, 12, 23, 23, 54, 34, 252781)}
2020-12-23 23:55:02 [scrapy.core.engine] INFO: Spider closed (finished)
