2020-12-15 14:33:47 [scrapy.utils.log] INFO: Scrapy 2.3.0 started (bot: lyricraper)
2020-12-15 14:33:47 [scrapy.utils.log] INFO: Versions: lxml 4.5.2.0, libxml2 2.9.10, cssselect 1.1.0, parsel 1.6.0, w3lib 1.22.0, Twisted 20.3.0, Python 3.6.9 (default, Oct  8 2020, 12:12:24) - [GCC 8.4.0], pyOpenSSL 19.1.0 (OpenSSL 1.1.1h  22 Sep 2020), cryptography 3.1.1, Platform Linux-5.4.0-58-generic-x86_64-with-Ubuntu-18.04-bionic
2020-12-15 14:33:47 [scrapy.utils.log] DEBUG: Using reactor: twisted.internet.epollreactor.EPollReactor
2020-12-15 14:33:47 [scrapy.crawler] INFO: Overridden settings:
{'BOT_NAME': 'lyricraper',
 'LOG_FILE': 'logs/lyricraper/lyricraper_genius/89f76eac3ee211eb8377000c29732d58.log',
 'NEWSPIDER_MODULE': 'lyricraper.spiders',
 'SPIDER_MODULES': ['lyricraper.spiders']}
2020-12-15 14:33:47 [scrapy.extensions.telnet] INFO: Telnet Password: a68d01bf8de88e8b
2020-12-15 14:33:47 [scrapy.middleware] INFO: Enabled extensions:
['scrapy.extensions.corestats.CoreStats',
 'scrapy.extensions.telnet.TelnetConsole',
 'scrapy.extensions.memusage.MemoryUsage',
 'scrapy.extensions.logstats.LogStats']
2020-12-15 14:33:47 [lyricraper_genius] WARNING: To process: None, SongQueryObject object (1)
2020-12-15 14:33:47 [scrapy.middleware] INFO: Enabled downloader middlewares:
['scrapy.downloadermiddlewares.httpauth.HttpAuthMiddleware',
 'scrapy.downloadermiddlewares.downloadtimeout.DownloadTimeoutMiddleware',
 'scrapy.downloadermiddlewares.defaultheaders.DefaultHeadersMiddleware',
 'scrapy.downloadermiddlewares.useragent.UserAgentMiddleware',
 'scrapy.downloadermiddlewares.retry.RetryMiddleware',
 'scrapy.downloadermiddlewares.redirect.MetaRefreshMiddleware',
 'scrapy.downloadermiddlewares.httpcompression.HttpCompressionMiddleware',
 'scrapy.downloadermiddlewares.redirect.RedirectMiddleware',
 'scrapy.downloadermiddlewares.cookies.CookiesMiddleware',
 'scrapy.downloadermiddlewares.httpproxy.HttpProxyMiddleware',
 'scrapy.downloadermiddlewares.stats.DownloaderStats']
2020-12-15 14:33:47 [scrapy.middleware] INFO: Enabled spider middlewares:
['scrapy.spidermiddlewares.httperror.HttpErrorMiddleware',
 'scrapy.spidermiddlewares.offsite.OffsiteMiddleware',
 'scrapy.spidermiddlewares.referer.RefererMiddleware',
 'scrapy.spidermiddlewares.urllength.UrlLengthMiddleware',
 'scrapy.spidermiddlewares.depth.DepthMiddleware']
2020-12-15 14:33:47 [scrapy.middleware] INFO: Enabled item pipelines:
['lyricraper.pipelines.DjangoModelPipeline']
2020-12-15 14:33:47 [scrapy.core.engine] INFO: Spider opened
2020-12-15 14:33:47 [scrapy.extensions.logstats] INFO: Crawled 0 pages (at 0 pages/min), scraped 0 items (at 0 items/min)
2020-12-15 14:33:47 [scrapy.extensions.telnet] INFO: Telnet console listening on 127.0.0.1:6023
2020-12-15 14:33:47 [scrapy.core.engine] INFO: Closing spider (finished)
2020-12-15 14:33:47 [scrapy.core.engine] ERROR: Scraper close failure
Traceback (most recent call last):
  File "/home/nitish/venvs/muse/lib/python3.6/site-packages/twisted/internet/defer.py", line 654, in _runCallbacks
    current.result = callback(current.result, *args, **kw)
  File "/tmp/lyricraper-1608042798-ifvb85fw.egg/lyricraper/pipelines.py", line 89, in close_spider
AttributeError: 'NoneType' object has no attribute 'songids_to_process'
2020-12-15 14:33:47 [scrapy.statscollectors] INFO: Dumping Scrapy stats:
{'elapsed_time_seconds': 0.009218,
 'finish_reason': 'finished',
 'finish_time': datetime.datetime(2020, 12, 15, 14, 33, 47, 579128),
 'log_count/ERROR': 1,
 'log_count/INFO': 10,
 'log_count/WARNING': 1,
 'memusage/max': 76767232,
 'memusage/startup': 76767232,
 'start_time': datetime.datetime(2020, 12, 15, 14, 33, 47, 569910)}
2020-12-15 14:33:47 [scrapy.core.engine] INFO: Spider closed (finished)
